Using pre-set license
Built from '2020.3/staging' branch; Version is '2020.3.19f1 (68f137dc9bbe) revision 6877495'; Using compiler version '192528614'; Build Type 'Release'
OS: 'Windows 10 Pro; OS build 19043.1348; Version 2009; 64bit' Language: 'es' Physical Memory: 12092 MB
BatchMode: 1, IsHumanControllingUs: 0, StartBugReporterOnCrash: 0, Is64bit: 1, IsPro: 0

COMMAND LINE ARGUMENTS:
D:\Program Files\2020.3.19f1\Editor\Unity.exe
-adb2
-batchMode
-noUpm
-name
AssetImportWorker0
-projectPath
C:/Users/Lenovo/Documents/Proyectos Unity/HerenciaCardenas
-logFile
Logs/AssetImportWorker0.log
-srvPort
55240
Successfully changed project path to: C:/Users/Lenovo/Documents/Proyectos Unity/HerenciaCardenas
C:/Users/Lenovo/Documents/Proyectos Unity/HerenciaCardenas
Using Asset Import Pipeline V2.
Refreshing native plugins compatible for Editor in 168.64 ms, found 2 plugins.
Preloading 0 native plugins for Editor in 0.00 ms.
Initialize engine version: 2020.3.19f1 (68f137dc9bbe)
[Subsystems] Discovering subsystems at path D:/Program Files/2020.3.19f1/Editor/Data/Resources/UnitySubsystems
[Subsystems] Discovering subsystems at path C:/Users/Lenovo/Documents/Proyectos Unity/HerenciaCardenas/Assets
GfxDevice: creating device client; threaded=0
Direct3D:
    Version:  Direct3D 11.0 [level 11.1]
    Renderer: NVIDIA GeForce MX230 (ID=0x1d11)
    Vendor:   
    VRAM:     1984 MB
    Driver:   30.0.14.7212
Initialize mono
Mono path[0] = 'D:/Program Files/2020.3.19f1/Editor/Data/Managed'
Mono path[1] = 'D:/Program Files/2020.3.19f1/Editor/Data/MonoBleedingEdge/lib/mono/unityjit'
Mono config path = 'D:/Program Files/2020.3.19f1/Editor/Data/MonoBleedingEdge/etc'
Using monoOptions --debugger-agent=transport=dt_socket,embedding=1,server=y,suspend=n,address=127.0.0.1:56452
Begin MonoManager ReloadAssembly
Registering precompiled unity dll's ...
Register platform support module: D:/Program Files/2020.3.19f1/Editor/Data/PlaybackEngines/WebGLSupport/UnityEditor.WebGL.Extensions.dll
Register platform support module: D:/Program Files/2020.3.19f1/Editor/Data/PlaybackEngines/WindowsStandaloneSupport/UnityEditor.WindowsStandalone.Extensions.dll
Registered in 0.006565 seconds.
Native extension for WindowsStandalone target not found
Native extension for WebGL target not found
Refreshing native plugins compatible for Editor in 171.58 ms, found 2 plugins.
Preloading 0 native plugins for Editor in 0.00 ms.
Mono: successfully reloaded assembly
- Completed reload, in 10.688 seconds
Domain Reload Profiling:
	ReloadAssembly (10688ms)
		BeginReloadAssembly (320ms)
			ExecutionOrderSort (0ms)
			DisableScriptedObjects (0ms)
			BackupInstance (0ms)
			ReleaseScriptingObjects (0ms)
			CreateAndSetChildDomain (4ms)
		EndReloadAssembly (2073ms)
			LoadAssemblies (321ms)
			RebuildTransferFunctionScriptingTraits (0ms)
			SetupTypeCache (790ms)
			ReleaseScriptCaches (0ms)
			RebuildScriptCaches (162ms)
			SetupLoadedEditorAssemblies (816ms)
				LogAssemblyErrors (0ms)
				InitializePlatformSupportModulesInManaged (23ms)
				SetLoadedEditorAssemblies (1ms)
				RefreshPlugins (172ms)
				BeforeProcessingInitializeOnLoad (77ms)
				ProcessInitializeOnLoadAttributes (403ms)
				ProcessInitializeOnLoadMethodAttributes (139ms)
				AfterProcessingInitializeOnLoad (0ms)
				EditorAssembliesLoaded (1ms)
			ExecutionOrderSort2 (0ms)
			AwakeInstancesAfterBackupRestoration (0ms)
Platform modules already initialized, skipping
Registering precompiled user dll's ...
Registered in 0.013146 seconds.
Begin MonoManager ReloadAssembly
Native extension for WindowsStandalone target not found
Native extension for WebGL target not found
Refreshing native plugins compatible for Editor in 0.97 ms, found 2 plugins.
Preloading 0 native plugins for Editor in 0.00 ms.
Mono: successfully reloaded assembly
- Completed reload, in  5.249 seconds
Domain Reload Profiling:
	ReloadAssembly (5252ms)
		BeginReloadAssembly (816ms)
			ExecutionOrderSort (0ms)
			DisableScriptedObjects (25ms)
			BackupInstance (0ms)
			ReleaseScriptingObjects (0ms)
			CreateAndSetChildDomain (74ms)
		EndReloadAssembly (4117ms)
			LoadAssemblies (488ms)
			RebuildTransferFunctionScriptingTraits (0ms)
			SetupTypeCache (1466ms)
			ReleaseScriptCaches (1ms)
			RebuildScriptCaches (253ms)
			SetupLoadedEditorAssemblies (1498ms)
				LogAssemblyErrors (0ms)
				InitializePlatformSupportModulesInManaged (30ms)
				SetLoadedEditorAssemblies (2ms)
				RefreshPlugins (1ms)
				BeforeProcessingInitializeOnLoad (370ms)
				ProcessInitializeOnLoadAttributes (1062ms)
				ProcessInitializeOnLoadMethodAttributes (19ms)
				AfterProcessingInitializeOnLoad (13ms)
				EditorAssembliesLoaded (1ms)
			ExecutionOrderSort2 (0ms)
			AwakeInstancesAfterBackupRestoration (37ms)
Platform modules already initialized, skipping
========================================================================
Worker process is ready to serve import requests
Launched and connected shader compiler UnityShaderCompiler.exe after 0.18 seconds
Refreshing native plugins compatible for Editor in 1.01 ms, found 2 plugins.
Preloading 0 native plugins for Editor in 0.00 ms.
Unloading 1554 Unused Serialized files (Serialized files now loaded: 0)
System memory in use before: 82.4 MB.
System memory in use after: 82.5 MB.

Unloading 17 unused Assets to reduce memory usage. Loaded Objects now: 2005.
Total: 10.700900 ms (FindLiveObjects: 0.442300 ms CreateObjectMapping: 0.185400 ms MarkObjects: 9.718800 ms  DeleteObjects: 0.350500 ms)

AssetImportParameters requested are different than current active one (requested -> active):
  custom:framework-win-MediaFoundation: 216162199b28c13a410421893ffa2e32 -> 
  custom:video-decoder-ogg-theora: a1e56fd34408186e4bbccfd4996cb3dc -> 
  custom:container-muxer-webm: aa71ff27fc2769a1b78a27578f13a17b -> 
  custom:container-demuxer-webm: 4f35f7cbe854078d1ac9338744f61a02 -> 
  custom:container-demuxer-ogg: 62fdf1f143b41e24485cea50d1cbac27 -> 
  custom:video-encoder-webm-vp8: eb34c28f22e8b96e1ab97ce403110664 -> 
  custom:video-decoder-webm-vp8: 9c59270c3fd7afecdb556c50c9e8de78 -> 
  custom:audio-decoder-ogg-vorbis: bf7c407c2cedff20999df2af8eb42d56 -> 
  custom:audio-encoder-webm-vorbis: bf7c407c2cedff20999df2af8eb42d56 -> 
========================================================================
Received Import Request.
  path: Assets/Models/vanguard_t_choonyung.fbx
  artifactKey: Guid(17af77651388d2a4e850052f7cdf8c85) Importer(815301076,1909f56bfc062723c751e8b465ee728b)
Start importing Assets/Models/vanguard_t_choonyung.fbx using Guid(17af77651388d2a4e850052f7cdf8c85) Importer(815301076,1909f56bfc062723c751e8b465ee728b)  -> (artifact id: 'e925a9db6c43c98f6b67ddae225cbf1e') in 0.871048 seconds 
  Import took 0.881619 seconds .

========================================================================
Received Import Request.
  Time since last request: 9.324944 seconds.
  path: Assets/Models/vanguard_t_choonyung.fbx
  artifactKey: Guid(17af77651388d2a4e850052f7cdf8c85) Importer(815301076,1909f56bfc062723c751e8b465ee728b)
Start importing Assets/Models/vanguard_t_choonyung.fbx using Guid(17af77651388d2a4e850052f7cdf8c85) Importer(815301076,1909f56bfc062723c751e8b465ee728b)  -> (artifact id: '5ab18636c0ee669affb32aa60c5b8c18') in 0.305425 seconds 
  Import took 0.317823 seconds .

========================================================================
Received Import Request.
  Time since last request: 67.860580 seconds.
  path: Assets/Models/vanguard_t_choonyung.fbx
  artifactKey: Guid(17af77651388d2a4e850052f7cdf8c85) Importer(815301076,1909f56bfc062723c751e8b465ee728b)
Start importing Assets/Models/vanguard_t_choonyung.fbx using Guid(17af77651388d2a4e850052f7cdf8c85) Importer(815301076,1909f56bfc062723c751e8b465ee728b)  -> (artifact id: 'aca9d70d2f8b0b8215c91ee9ac57bfe2') in 0.268115 seconds 
  Import took 0.279775 seconds .

========================================================================
Received Import Request.
  Time since last request: 14.563880 seconds.
  path: Assets/Animations/Ch05/Ch05Animation 1.controller
  artifactKey: Guid(d714c5199787cba4bbd9aa956dc2e8c3) Importer(815301076,1909f56bfc062723c751e8b465ee728b)
Start importing Assets/Animations/Ch05/Ch05Animation 1.controller using Guid(d714c5199787cba4bbd9aa956dc2e8c3) Importer(815301076,1909f56bfc062723c751e8b465ee728b)  -> (artifact id: 'df05ad04a0d65b06de0aed94fe087501') in 0.225081 seconds 
  Import took 0.236635 seconds .

========================================================================
Received Import Request.
  Time since last request: 15.633184 seconds.
  path: Assets/Animations/Ch05/vanguard_t_choonyung@Cross Punch.fbx
  artifactKey: Guid(214e1ad7647e5984b99ae10ab712c426) Importer(815301076,1909f56bfc062723c751e8b465ee728b)
Start importing Assets/Animations/Ch05/vanguard_t_choonyung@Cross Punch.fbx using Guid(214e1ad7647e5984b99ae10ab712c426) Importer(815301076,1909f56bfc062723c751e8b465ee728b)  -> (artifact id: '94d80774393997799f13efb01f08aef0') in 0.135635 seconds 
  Import took 0.148559 seconds .

========================================================================
Received Import Request.
  Time since last request: 0.000853 seconds.
  path: Assets/Animations/Ch05/vanguard_t_choonyung@Running.fbx
  artifactKey: Guid(45763243af17ec44ab8bf874b1935614) Importer(815301076,1909f56bfc062723c751e8b465ee728b)
Start importing Assets/Animations/Ch05/vanguard_t_choonyung@Running.fbx using Guid(45763243af17ec44ab8bf874b1935614) Importer(815301076,1909f56bfc062723c751e8b465ee728b)  -> (artifact id: '2d7c90f4c4d0eeed9686c6d022635483') in 0.132750 seconds 
  Import took 0.143770 seconds .

========================================================================
Received Import Request.
  Time since last request: 0.001230 seconds.
  path: Assets/Animations/Ch05/vanguard_t_choonyung@Idle.fbx
  artifactKey: Guid(32ef680f6ef19d342b3ae02735b8200e) Importer(815301076,1909f56bfc062723c751e8b465ee728b)
Start importing Assets/Animations/Ch05/vanguard_t_choonyung@Idle.fbx using Guid(32ef680f6ef19d342b3ae02735b8200e) Importer(815301076,1909f56bfc062723c751e8b465ee728b)  -> (artifact id: '1cfad5bb949159e0de8f05126de85012') in 0.125559 seconds 
  Import took 0.135978 seconds .

========================================================================
Received Import Request.
  Time since last request: 25.421837 seconds.
  path: Assets/Animations/Ch05/VanguardAnimation.controller
  artifactKey: Guid(d714c5199787cba4bbd9aa956dc2e8c3) Importer(815301076,1909f56bfc062723c751e8b465ee728b)
Start importing Assets/Animations/Ch05/VanguardAnimation.controller using Guid(d714c5199787cba4bbd9aa956dc2e8c3) Importer(815301076,1909f56bfc062723c751e8b465ee728b)  -> (artifact id: '9a924c82cca8d64e085aa80ebdc87214') in 0.202297 seconds 
  Import took 0.212863 seconds .

========================================================================
Received Import Request.
  Time since last request: 60.405437 seconds.
  path: Assets/Prefabs/VanguardEnemy.prefab
  artifactKey: Guid(26863e25fb9dd6f43aedc58e0ca3291f) Importer(815301076,1909f56bfc062723c751e8b465ee728b)
Start importing Assets/Prefabs/VanguardEnemy.prefab using Guid(26863e25fb9dd6f43aedc58e0ca3291f) Importer(815301076,1909f56bfc062723c751e8b465ee728b)  -> (artifact id: '8c6ee879ad1d2df99d883048856a47dd') in 0.281398 seconds 
  Import took 0.293006 seconds .

========================================================================
Received Import Request.
  Time since last request: 436.692435 seconds.
  path: Assets/Scripts/Enemy/VanguarEnemy.cs
  artifactKey: Guid(42ee0e88d894a2e469a85330efa6312a) Importer(815301076,1909f56bfc062723c751e8b465ee728b)
Start importing Assets/Scripts/Enemy/VanguarEnemy.cs using Guid(42ee0e88d894a2e469a85330efa6312a) Importer(815301076,1909f56bfc062723c751e8b465ee728b)  -> (artifact id: 'd9efa1f0f0896369bd0808272d21ffda') in 0.129826 seconds 
  Import took 0.142695 seconds .

========================================================================
Received Prepare
Registering precompiled user dll's ...
Registered in 0.028723 seconds.
Begin MonoManager ReloadAssembly
Native extension for WindowsStandalone target not found
Native extension for WebGL target not found
Refreshing native plugins compatible for Editor in 1.25 ms, found 2 plugins.
Preloading 0 native plugins for Editor in 0.00 ms.
Mono: successfully reloaded assembly
- Completed reload, in  7.301 seconds
Domain Reload Profiling:
	ReloadAssembly (7303ms)
		BeginReloadAssembly (1064ms)
			ExecutionOrderSort (0ms)
			DisableScriptedObjects (31ms)
			BackupInstance (0ms)
			ReleaseScriptingObjects (1ms)
			CreateAndSetChildDomain (299ms)
		EndReloadAssembly (5846ms)
			LoadAssemblies (843ms)
			RebuildTransferFunctionScriptingTraits (0ms)
			SetupTypeCache (2631ms)
			ReleaseScriptCaches (5ms)
			RebuildScriptCaches (279ms)
			SetupLoadedEditorAssemblies (1830ms)
				LogAssemblyErrors (0ms)
				InitializePlatformSupportModulesInManaged (28ms)
				SetLoadedEditorAssemblies (2ms)
				RefreshPlugins (2ms)
				BeforeProcessingInitializeOnLoad (452ms)
				ProcessInitializeOnLoadAttributes (1314ms)
				ProcessInitializeOnLoadMethodAttributes (19ms)
				AfterProcessingInitializeOnLoad (11ms)
				EditorAssembliesLoaded (2ms)
			ExecutionOrderSort2 (0ms)
			AwakeInstancesAfterBackupRestoration (36ms)
Platform modules already initialized, skipping
Refreshing native plugins compatible for Editor in 1.20 ms, found 2 plugins.
Preloading 0 native plugins for Editor in 0.00 ms.
Unloading 1547 Unused Serialized files (Serialized files now loaded: 0)
System memory in use before: 100.2 MB.
System memory in use after: 100.3 MB.

Unloading 12 unused Assets to reduce memory usage. Loaded Objects now: 2052.
Total: 18.262300 ms (FindLiveObjects: 0.721800 ms CreateObjectMapping: 0.342900 ms MarkObjects: 17.115500 ms  DeleteObjects: 0.076800 ms)

AssetImportParameters requested are different than current active one (requested -> active):
  custom:framework-win-MediaFoundation: 216162199b28c13a410421893ffa2e32 -> 
  custom:video-decoder-ogg-theora: a1e56fd34408186e4bbccfd4996cb3dc -> 
  custom:container-muxer-webm: aa71ff27fc2769a1b78a27578f13a17b -> 
  custom:container-demuxer-webm: 4f35f7cbe854078d1ac9338744f61a02 -> 
  custom:container-demuxer-ogg: 62fdf1f143b41e24485cea50d1cbac27 -> 
  custom:video-encoder-webm-vp8: eb34c28f22e8b96e1ab97ce403110664 -> 
  custom:video-decoder-webm-vp8: 9c59270c3fd7afecdb556c50c9e8de78 -> 
  custom:audio-decoder-ogg-vorbis: bf7c407c2cedff20999df2af8eb42d56 -> 
  custom:audio-encoder-webm-vorbis: bf7c407c2cedff20999df2af8eb42d56 -> 
========================================================================
Received Import Request.
  Time since last request: 79.150900 seconds.
  path: Assets/Scripts/Enemy/VanguarEnemy.cs
  artifactKey: Guid(42ee0e88d894a2e469a85330efa6312a) Importer(815301076,1909f56bfc062723c751e8b465ee728b)
Start importing Assets/Scripts/Enemy/VanguarEnemy.cs using Guid(42ee0e88d894a2e469a85330efa6312a) Importer(815301076,1909f56bfc062723c751e8b465ee728b)  -> (artifact id: 'a071bbf6fda790db82d2fbc43750110b') in 0.124213 seconds 
  Import took 0.136823 seconds .

========================================================================
Received Prepare
Registering precompiled user dll's ...
Registered in 0.011545 seconds.
Begin MonoManager ReloadAssembly
Native extension for WindowsStandalone target not found
Native extension for WebGL target not found
Refreshing native plugins compatible for Editor in 1.45 ms, found 2 plugins.
Preloading 0 native plugins for Editor in 0.00 ms.
Mono: successfully reloaded assembly
- Completed reload, in  5.468 seconds
Domain Reload Profiling:
	ReloadAssembly (5470ms)
		BeginReloadAssembly (776ms)
			ExecutionOrderSort (0ms)
			DisableScriptedObjects (24ms)
			BackupInstance (0ms)
			ReleaseScriptingObjects (0ms)
			CreateAndSetChildDomain (156ms)
		EndReloadAssembly (4361ms)
			LoadAssemblies (750ms)
			RebuildTransferFunctionScriptingTraits (0ms)
			SetupTypeCache (1674ms)
			ReleaseScriptCaches (2ms)
			RebuildScriptCaches (236ms)
			SetupLoadedEditorAssemblies (1472ms)
				LogAssemblyErrors (0ms)
				InitializePlatformSupportModulesInManaged (29ms)
				SetLoadedEditorAssemblies (3ms)
				RefreshPlugins (2ms)
				BeforeProcessingInitializeOnLoad (360ms)
				ProcessInitializeOnLoadAttributes (1048ms)
				ProcessInitializeOnLoadMethodAttributes (18ms)
				AfterProcessingInitializeOnLoad (12ms)
				EditorAssembliesLoaded (1ms)
			ExecutionOrderSort2 (0ms)
			AwakeInstancesAfterBackupRestoration (35ms)
Platform modules already initialized, skipping
Refreshing native plugins compatible for Editor in 1.12 ms, found 2 plugins.
Preloading 0 native plugins for Editor in 0.00 ms.
Unloading 1547 Unused Serialized files (Serialized files now loaded: 0)
System memory in use before: 100.2 MB.
System memory in use after: 100.3 MB.

Unloading 12 unused Assets to reduce memory usage. Loaded Objects now: 2054.
Total: 10.906800 ms (FindLiveObjects: 0.570300 ms CreateObjectMapping: 0.295700 ms MarkObjects: 9.962100 ms  DeleteObjects: 0.073000 ms)

AssetImportParameters requested are different than current active one (requested -> active):
  custom:framework-win-MediaFoundation: 216162199b28c13a410421893ffa2e32 -> 
  custom:video-decoder-ogg-theora: a1e56fd34408186e4bbccfd4996cb3dc -> 
  custom:container-muxer-webm: aa71ff27fc2769a1b78a27578f13a17b -> 
  custom:container-demuxer-webm: 4f35f7cbe854078d1ac9338744f61a02 -> 
  custom:container-demuxer-ogg: 62fdf1f143b41e24485cea50d1cbac27 -> 
  custom:video-encoder-webm-vp8: eb34c28f22e8b96e1ab97ce403110664 -> 
  custom:video-decoder-webm-vp8: 9c59270c3fd7afecdb556c50c9e8de78 -> 
  custom:audio-decoder-ogg-vorbis: bf7c407c2cedff20999df2af8eb42d56 -> 
  custom:audio-encoder-webm-vorbis: bf7c407c2cedff20999df2af8eb42d56 -> 
========================================================================
Received Import Request.
  Time since last request: 39.533724 seconds.
  path: Assets/Data/Enemy/VanguardEnemy.asset
  artifactKey: Guid(f0f43391dfd0f6e46bcea2bf461be12a) Importer(815301076,1909f56bfc062723c751e8b465ee728b)
Start importing Assets/Data/Enemy/VanguardEnemy.asset using Guid(f0f43391dfd0f6e46bcea2bf461be12a) Importer(815301076,1909f56bfc062723c751e8b465ee728b)  -> (artifact id: '4be976878ff5ea7f539623a8ecbf04ff') in 0.172912 seconds 
  Import took 0.183940 seconds .

========================================================================
Received Import Request.
  Time since last request: 136.074718 seconds.
  path: Assets/Animations/Ch05/vanguard_t_choonyung@Cross Punch.fbx
  artifactKey: Guid(214e1ad7647e5984b99ae10ab712c426) Importer(815301076,1909f56bfc062723c751e8b465ee728b)
Start importing Assets/Animations/Ch05/vanguard_t_choonyung@Cross Punch.fbx using Guid(214e1ad7647e5984b99ae10ab712c426) Importer(815301076,1909f56bfc062723c751e8b465ee728b)  -> (artifact id: 'c92ed0723fd46e7cf718bf46967a36ea') in 0.198638 seconds 
  Import took 0.210114 seconds .

========================================================================
Received Import Request.
  Time since last request: 9.378265 seconds.
  path: Assets/Animations/Ch05/vanguard_t_choonyung@Cross Punch.fbx
  artifactKey: Guid(214e1ad7647e5984b99ae10ab712c426) Importer(815301076,1909f56bfc062723c751e8b465ee728b)
Start importing Assets/Animations/Ch05/vanguard_t_choonyung@Cross Punch.fbx using Guid(214e1ad7647e5984b99ae10ab712c426) Importer(815301076,1909f56bfc062723c751e8b465ee728b)  -> (artifact id: '65dfb6f7e2e1e3102844e772025e700c') in 0.139644 seconds 
  Import took 0.153562 seconds .

========================================================================
Received Import Request.
  Time since last request: 18.205914 seconds.
  path: Assets/Animations/Ch05/vanguard_t_choonyung@Idle.fbx
  artifactKey: Guid(32ef680f6ef19d342b3ae02735b8200e) Importer(815301076,1909f56bfc062723c751e8b465ee728b)
Start importing Assets/Animations/Ch05/vanguard_t_choonyung@Idle.fbx using Guid(32ef680f6ef19d342b3ae02735b8200e) Importer(815301076,1909f56bfc062723c751e8b465ee728b)  -> (artifact id: 'd6575ad7b795b85b25699c21269afaf3') in 0.150187 seconds 
  Import took 0.161541 seconds .

========================================================================
Received Import Request.
  Time since last request: 9.596482 seconds.
  path: Assets/Animations/Ch05/vanguard_t_choonyung@Idle.fbx
  artifactKey: Guid(32ef680f6ef19d342b3ae02735b8200e) Importer(815301076,1909f56bfc062723c751e8b465ee728b)
Start importing Assets/Animations/Ch05/vanguard_t_choonyung@Idle.fbx using Guid(32ef680f6ef19d342b3ae02735b8200e) Importer(815301076,1909f56bfc062723c751e8b465ee728b)  -> (artifact id: 'f9ad200da637dbb6004734fdc62947ab') in 0.181908 seconds 
  Import took 0.203667 seconds .

========================================================================
Received Import Request.
  Time since last request: 15.828992 seconds.
  path: Assets/Animations/Ch05/vanguard_t_choonyung@Running.fbx
  artifactKey: Guid(45763243af17ec44ab8bf874b1935614) Importer(815301076,1909f56bfc062723c751e8b465ee728b)
Start importing Assets/Animations/Ch05/vanguard_t_choonyung@Running.fbx using Guid(45763243af17ec44ab8bf874b1935614) Importer(815301076,1909f56bfc062723c751e8b465ee728b)  -> (artifact id: 'e1d6fd35cdfb5d1504f023ce6e40606d') in 0.144556 seconds 
  Import took 0.155287 seconds .

========================================================================
Received Import Request.
  Time since last request: 9.500496 seconds.
  path: Assets/Animations/Ch05/vanguard_t_choonyung@Running.fbx
  artifactKey: Guid(45763243af17ec44ab8bf874b1935614) Importer(815301076,1909f56bfc062723c751e8b465ee728b)
Start importing Assets/Animations/Ch05/vanguard_t_choonyung@Running.fbx using Guid(45763243af17ec44ab8bf874b1935614) Importer(815301076,1909f56bfc062723c751e8b465ee728b)  -> (artifact id: '53b441083955ade5c4fec9271efd0d9e') in 0.142189 seconds 
  Import took 0.153861 seconds .

========================================================================
Received Prepare
Registering precompiled user dll's ...
Registered in 0.012573 seconds.
Begin MonoManager ReloadAssembly
Native extension for WindowsStandalone target not found
Native extension for WebGL target not found
Refreshing native plugins compatible for Editor in 1.10 ms, found 2 plugins.
Preloading 0 native plugins for Editor in 0.00 ms.
Mono: successfully reloaded assembly
- Completed reload, in  4.859 seconds
Domain Reload Profiling:
	ReloadAssembly (4860ms)
		BeginReloadAssembly (507ms)
			ExecutionOrderSort (0ms)
			DisableScriptedObjects (25ms)
			BackupInstance (0ms)
			ReleaseScriptingObjects (0ms)
			CreateAndSetChildDomain (138ms)
		EndReloadAssembly (4059ms)
			LoadAssemblies (486ms)
			RebuildTransferFunctionScriptingTraits (0ms)
			SetupTypeCache (1467ms)
			ReleaseScriptCaches (3ms)
			RebuildScriptCaches (217ms)
			SetupLoadedEditorAssemblies (1432ms)
				LogAssemblyErrors (0ms)
				InitializePlatformSupportModulesInManaged (29ms)
				SetLoadedEditorAssemblies (2ms)
				RefreshPlugins (1ms)
				BeforeProcessingInitializeOnLoad (358ms)
				ProcessInitializeOnLoadAttributes (1012ms)
				ProcessInitializeOnLoadMethodAttributes (17ms)
				AfterProcessingInitializeOnLoad (11ms)
				EditorAssembliesLoaded (1ms)
			ExecutionOrderSort2 (0ms)
			AwakeInstancesAfterBackupRestoration (33ms)
Platform modules already initialized, skipping
Refreshing native plugins compatible for Editor in 1.21 ms, found 2 plugins.
Preloading 0 native plugins for Editor in 0.00 ms.
Unloading 1547 Unused Serialized files (Serialized files now loaded: 0)
System memory in use before: 100.3 MB.
System memory in use after: 100.4 MB.

Unloading 12 unused Assets to reduce memory usage. Loaded Objects now: 2056.
Total: 11.215600 ms (FindLiveObjects: 0.738000 ms CreateObjectMapping: 0.312400 ms MarkObjects: 10.082600 ms  DeleteObjects: 0.077000 ms)

AssetImportParameters requested are different than current active one (requested -> active):
  custom:framework-win-MediaFoundation: 216162199b28c13a410421893ffa2e32 -> 
  custom:video-decoder-ogg-theora: a1e56fd34408186e4bbccfd4996cb3dc -> 
  custom:container-muxer-webm: aa71ff27fc2769a1b78a27578f13a17b -> 
  custom:container-demuxer-webm: 4f35f7cbe854078d1ac9338744f61a02 -> 
  custom:container-demuxer-ogg: 62fdf1f143b41e24485cea50d1cbac27 -> 
  custom:video-encoder-webm-vp8: eb34c28f22e8b96e1ab97ce403110664 -> 
  custom:video-decoder-webm-vp8: 9c59270c3fd7afecdb556c50c9e8de78 -> 
  custom:audio-decoder-ogg-vorbis: bf7c407c2cedff20999df2af8eb42d56 -> 
  custom:audio-encoder-webm-vorbis: bf7c407c2cedff20999df2af8eb42d56 -> 
========================================================================
Received Prepare
Registering precompiled user dll's ...
Registered in 0.011352 seconds.
Begin MonoManager ReloadAssembly
Native extension for WindowsStandalone target not found
Native extension for WebGL target not found
Refreshing native plugins compatible for Editor in 1.21 ms, found 2 plugins.
Preloading 0 native plugins for Editor in 0.00 ms.
Mono: successfully reloaded assembly
- Completed reload, in  4.801 seconds
Domain Reload Profiling:
	ReloadAssembly (4802ms)
		BeginReloadAssembly (555ms)
			ExecutionOrderSort (0ms)
			DisableScriptedObjects (27ms)
			BackupInstance (0ms)
			ReleaseScriptingObjects (0ms)
			CreateAndSetChildDomain (134ms)
		EndReloadAssembly (3942ms)
			LoadAssemblies (518ms)
			RebuildTransferFunctionScriptingTraits (0ms)
			SetupTypeCache (1416ms)
			ReleaseScriptCaches (3ms)
			RebuildScriptCaches (214ms)
			SetupLoadedEditorAssemblies (1411ms)
				LogAssemblyErrors (0ms)
				InitializePlatformSupportModulesInManaged (29ms)
				SetLoadedEditorAssemblies (2ms)
				RefreshPlugins (1ms)
				BeforeProcessingInitializeOnLoad (348ms)
				ProcessInitializeOnLoadAttributes (995ms)
				ProcessInitializeOnLoadMethodAttributes (20ms)
				AfterProcessingInitializeOnLoad (14ms)
				EditorAssembliesLoaded (1ms)
			ExecutionOrderSort2 (0ms)
			AwakeInstancesAfterBackupRestoration (34ms)
Platform modules already initialized, skipping
Refreshing native plugins compatible for Editor in 1.24 ms, found 2 plugins.
Preloading 0 native plugins for Editor in 0.00 ms.
Unloading 1546 Unused Serialized files (Serialized files now loaded: 0)
System memory in use before: 100.2 MB.
System memory in use after: 100.4 MB.

Unloading 13 unused Assets to reduce memory usage. Loaded Objects now: 2057.
Total: 12.274600 ms (FindLiveObjects: 0.572800 ms CreateObjectMapping: 0.198600 ms MarkObjects: 11.430900 ms  DeleteObjects: 0.067800 ms)

AssetImportParameters requested are different than current active one (requested -> active):
  custom:framework-win-MediaFoundation: 216162199b28c13a410421893ffa2e32 -> 
  custom:video-decoder-ogg-theora: a1e56fd34408186e4bbccfd4996cb3dc -> 
  custom:container-muxer-webm: aa71ff27fc2769a1b78a27578f13a17b -> 
  custom:container-demuxer-webm: 4f35f7cbe854078d1ac9338744f61a02 -> 
  custom:container-demuxer-ogg: 62fdf1f143b41e24485cea50d1cbac27 -> 
  custom:video-encoder-webm-vp8: eb34c28f22e8b96e1ab97ce403110664 -> 
  custom:video-decoder-webm-vp8: 9c59270c3fd7afecdb556c50c9e8de78 -> 
  custom:audio-decoder-ogg-vorbis: bf7c407c2cedff20999df2af8eb42d56 -> 
  custom:audio-encoder-webm-vorbis: bf7c407c2cedff20999df2af8eb42d56 -> 
========================================================================
Received Prepare
Registering precompiled user dll's ...
Registered in 0.013582 seconds.
Begin MonoManager ReloadAssembly
Native extension for WindowsStandalone target not found
Native extension for WebGL target not found
Refreshing native plugins compatible for Editor in 1.07 ms, found 2 plugins.
Preloading 0 native plugins for Editor in 0.00 ms.
Mono: successfully reloaded assembly
- Completed reload, in  4.817 seconds
Domain Reload Profiling:
	ReloadAssembly (4819ms)
		BeginReloadAssembly (499ms)
			ExecutionOrderSort (0ms)
			DisableScriptedObjects (24ms)
			BackupInstance (0ms)
			ReleaseScriptingObjects (0ms)
			CreateAndSetChildDomain (121ms)
		EndReloadAssembly (4006ms)
			LoadAssemblies (476ms)
			RebuildTransferFunctionScriptingTraits (0ms)
			SetupTypeCache (1505ms)
			ReleaseScriptCaches (3ms)
			RebuildScriptCaches (221ms)
			SetupLoadedEditorAssemblies (1345ms)
				LogAssemblyErrors (0ms)
				InitializePlatformSupportModulesInManaged (29ms)
				SetLoadedEditorAssemblies (2ms)
				RefreshPlugins (1ms)
				BeforeProcessingInitializeOnLoad (335ms)
				ProcessInitializeOnLoadAttributes (950ms)
				ProcessInitializeOnLoadMethodAttributes (16ms)
				AfterProcessingInitializeOnLoad (11ms)
				EditorAssembliesLoaded (1ms)
			ExecutionOrderSort2 (0ms)
			AwakeInstancesAfterBackupRestoration (33ms)
Platform modules already initialized, skipping
Refreshing native plugins compatible for Editor in 1.33 ms, found 2 plugins.
Preloading 0 native plugins for Editor in 0.00 ms.
Unloading 1546 Unused Serialized files (Serialized files now loaded: 0)
System memory in use before: 100.3 MB.
System memory in use after: 100.4 MB.

Unloading 12 unused Assets to reduce memory usage. Loaded Objects now: 2059.
Total: 10.525400 ms (FindLiveObjects: 0.601600 ms CreateObjectMapping: 0.252800 ms MarkObjects: 9.616500 ms  DeleteObjects: 0.050400 ms)

AssetImportParameters requested are different than current active one (requested -> active):
  custom:framework-win-MediaFoundation: 216162199b28c13a410421893ffa2e32 -> 
  custom:video-decoder-ogg-theora: a1e56fd34408186e4bbccfd4996cb3dc -> 
  custom:container-muxer-webm: aa71ff27fc2769a1b78a27578f13a17b -> 
  custom:container-demuxer-webm: 4f35f7cbe854078d1ac9338744f61a02 -> 
  custom:container-demuxer-ogg: 62fdf1f143b41e24485cea50d1cbac27 -> 
  custom:video-encoder-webm-vp8: eb34c28f22e8b96e1ab97ce403110664 -> 
  custom:video-decoder-webm-vp8: 9c59270c3fd7afecdb556c50c9e8de78 -> 
  custom:audio-decoder-ogg-vorbis: bf7c407c2cedff20999df2af8eb42d56 -> 
  custom:audio-encoder-webm-vorbis: bf7c407c2cedff20999df2af8eb42d56 -> 
AssetImportWorkerClient::OnTransportError - code=2 error=End of file
